Flow report for lg_highlevel
<<<<<<< HEAD
Tue Apr 09 17:17:54 2013
=======
Tue Apr 09 19:17:50 2013
>>>>>>> a9694e94cb7f2f6d6ba809314d8dc98d97e6f589
Quartus II 32-bit Version 12.1 Build 177 11/07/2012 SJ Web Edition


---------------------
; Table of Contents ;
---------------------
  1. Legal Notice
  2. Flow Summary
  3. Flow Settings
  4. Flow Non-Default Global Settings
  5. Flow Elapsed Time
  6. Flow OS Summary
  7. Flow Log



----------------
; Legal Notice ;
----------------
Copyright (C) 1991-2012 Altera Corporation
Your use of Altera Corporation's design tools, logic functions 
and other software and tools, and its AMPP partner logic 
functions, and any output files from any of the foregoing 
(including device programming or simulation files), and any 
associated documentation or information are expressly subject 
to the terms and conditions of the Altera Program License 
Subscription Agreement, Altera MegaCore Function License 
Agreement, or other applicable license agreement, including, 
without limitation, that your use is for the sole purpose of 
programming logic devices manufactured by Altera and sold by 
Altera or its authorized distributors.  Please refer to the 
applicable agreement for further details.



+-------------------------------------------------------------------------------+
; Flow Summary                                                                  ;
+------------------------------------+------------------------------------------+
<<<<<<< HEAD
; Flow Status                        ; Successful - Tue Apr 09 17:17:54 2013    ;
=======
; Flow Status                        ; Successful - Tue Apr 09 19:17:50 2013    ;
>>>>>>> a9694e94cb7f2f6d6ba809314d8dc98d97e6f589
; Quartus II 32-bit Version          ; 12.1 Build 177 11/07/2012 SJ Web Edition ;
; Revision Name                      ; lg_highlevel                             ;
; Top-level Entity Name              ; lg_highlevel                             ;
; Family                             ; Cyclone II                               ;
; Device                             ; EP2C20F484C7                             ;
; Timing Models                      ; Final                                    ;
; Total logic elements               ; 0 / 18,752 ( 0 % )                       ;
;     Total combinational functions  ; 0 / 18,752 ( 0 % )                       ;
;     Dedicated logic registers      ; 0 / 18,752 ( 0 % )                       ;
; Total registers                    ; 0                                        ;
; Total pins                         ; 49 / 315 ( 16 % )                        ;
; Total virtual pins                 ; 0                                        ;
; Total memory bits                  ; 0 / 239,616 ( 0 % )                      ;
; Embedded Multiplier 9-bit elements ; 0 / 52 ( 0 % )                           ;
; Total PLLs                         ; 0 / 4 ( 0 % )                            ;
+------------------------------------+------------------------------------------+


+-----------------------------------------+
; Flow Settings                           ;
+-------------------+---------------------+
; Option            ; Setting             ;
+-------------------+---------------------+
<<<<<<< HEAD
; Start date & time ; 04/09/2013 17:17:20 ;
=======
; Start date & time ; 04/09/2013 19:17:37 ;
>>>>>>> a9694e94cb7f2f6d6ba809314d8dc98d97e6f589
; Main task         ; Compilation         ;
; Revision Name     ; lg_highlevel        ;
+-------------------+---------------------+


+-------------------------------------------------------------------------------------------------------------------------------+
; Flow Non-Default Global Settings                                                                                              ;
+----------------------------------------+---------------------------------------+---------------+-------------+----------------+
; Assignment Name                        ; Value                                 ; Default Value ; Entity Name ; Section Id     ;
+----------------------------------------+---------------------------------------+---------------+-------------+----------------+
<<<<<<< HEAD
; COMPILER_SIGNATURE_ID                  ; 143532086999.136554224000364          ; --            ; --          ; --             ;
=======
; COMPILER_SIGNATURE_ID                  ; 91765400417.136554945605516           ; --            ; --          ; --             ;
>>>>>>> a9694e94cb7f2f6d6ba809314d8dc98d97e6f589
; EDA_DESIGN_INSTANCE_NAME               ; NA                                    ; --            ; --          ; my_testbench   ;
; EDA_NATIVELINK_SIMULATION_SETUP_SCRIPT ; simulation/modelsim/my_custom_view.do ; --            ; --          ; eda_simulation ;
; EDA_NATIVELINK_SIMULATION_TEST_BENCH   ; my_testbench                          ; --            ; --          ; eda_simulation ;
; EDA_NETLIST_WRITER_OUTPUT_DIR          ; simulation/modelsim                   ; --            ; --          ; eda_simulation ;
; EDA_OUTPUT_DATA_FORMAT                 ; Verilog Hdl                           ; --            ; --          ; eda_simulation ;
; EDA_SIMULATION_TOOL                    ; ModelSim-Altera (Verilog)             ; <None>        ; --          ; --             ;
; EDA_TEST_BENCH_ENABLE_STATUS           ; TEST_BENCH_MODE                       ; --            ; --          ; eda_simulation ;
; EDA_TEST_BENCH_FILE                    ; lg_highlevel.v                        ; --            ; --          ; my_testbench   ;
; EDA_TEST_BENCH_MODULE_NAME             ; lg_highlevel                          ; --            ; --          ; my_testbench   ;
; EDA_TEST_BENCH_NAME                    ; my_testbench                          ; --            ; --          ; eda_simulation ;
; EDA_TIME_SCALE                         ; 1 ps                                  ; --            ; --          ; eda_simulation ;
; IP_TOOL_NAME                           ; ALTPLL                                ; --            ; --          ; --             ;
; IP_TOOL_VERSION                        ; 12.1                                  ; --            ; --          ; --             ;
; MAX_CORE_JUNCTION_TEMP                 ; 85                                    ; --            ; --          ; --             ;
; MIN_CORE_JUNCTION_TEMP                 ; 0                                     ; --            ; --          ; --             ;
; MISC_FILE                              ; pll_bb.v                              ; --            ; --          ; --             ;
; MISC_FILE                              ; pll.ppf                               ; --            ; --          ; --             ;
; PARTITION_COLOR                        ; 16764057                              ; --            ; --          ; Top            ;
; PARTITION_FITTER_PRESERVATION_LEVEL    ; PLACEMENT_AND_ROUTING                 ; --            ; --          ; Top            ;
; PARTITION_NETLIST_TYPE                 ; SOURCE                                ; --            ; --          ; Top            ;
; POWER_BOARD_THERMAL_MODEL              ; None (CONSERVATIVE)                   ; --            ; --          ; --             ;
; POWER_PRESET_COOLING_SOLUTION          ; 23 MM HEAT SINK WITH 200 LFPM AIRFLOW ; --            ; --          ; --             ;
; PROJECT_OUTPUT_DIRECTORY               ; output_files                          ; --            ; --          ; --             ;
; SEARCH_PATH                            ; simulation/modelsim/                  ; --            ; --          ; --             ;
+----------------------------------------+---------------------------------------+---------------+-------------+----------------+


+-------------------------------------------------------------------------------------------------------------------------------+
; Flow Elapsed Time                                                                                                             ;
+---------------------------+--------------+-------------------------+---------------------+------------------------------------+
; Module Name               ; Elapsed Time ; Average Processors Used ; Peak Virtual Memory ; Total CPU Time (on all processors) ;
+---------------------------+--------------+-------------------------+---------------------+------------------------------------+
<<<<<<< HEAD
; Analysis & Synthesis      ; 00:00:10     ; 1.0                     ; 363 MB              ; 00:00:08                           ;
; Fitter                    ; 00:00:08     ; 1.3                     ; 445 MB              ; 00:00:07                           ;
; Assembler                 ; 00:00:06     ; 1.0                     ; 342 MB              ; 00:00:05                           ;
; TimeQuest Timing Analyzer ; 00:00:03     ; 1.0                     ; 316 MB              ; 00:00:02                           ;
; EDA Netlist Writer        ; 00:00:01     ; 1.0                     ; 314 MB              ; 00:00:01                           ;
; Total                     ; 00:00:28     ; --                      ; --                  ; 00:00:23                           ;
=======
; Analysis & Synthesis      ; 00:00:04     ; 1.0                     ; 369 MB              ; 00:00:03                           ;
; Fitter                    ; 00:00:03     ; 1.0                     ; 419 MB              ; 00:00:03                           ;
; Assembler                 ; 00:00:01     ; 1.0                     ; 334 MB              ; 00:00:02                           ;
; TimeQuest Timing Analyzer ; 00:00:01     ; 1.0                     ; 304 MB              ; 00:00:01                           ;
; EDA Netlist Writer        ; 00:00:01     ; 1.0                     ; 306 MB              ; 00:00:00                           ;
; Total                     ; 00:00:10     ; --                      ; --                  ; 00:00:09                           ;
>>>>>>> a9694e94cb7f2f6d6ba809314d8dc98d97e6f589
+---------------------------+--------------+-------------------------+---------------------+------------------------------------+


+----------------------------------------------------------------------------------------+
; Flow OS Summary                                                                        ;
+---------------------------+------------------+-----------+------------+----------------+
; Module Name               ; Machine Hostname ; OS Name   ; OS Version ; Processor type ;
+---------------------------+------------------+-----------+------------+----------------+
<<<<<<< HEAD
; Analysis & Synthesis      ; Lee-PC           ; Windows 7 ; 6.1        ; x86_64         ;
; Fitter                    ; Lee-PC           ; Windows 7 ; 6.1        ; x86_64         ;
; Assembler                 ; Lee-PC           ; Windows 7 ; 6.1        ; x86_64         ;
; TimeQuest Timing Analyzer ; Lee-PC           ; Windows 7 ; 6.1        ; x86_64         ;
; EDA Netlist Writer        ; Lee-PC           ; Windows 7 ; 6.1        ; x86_64         ;
=======
; Analysis & Synthesis      ; gMac             ; Windows 7 ; 6.2        ; x86_64         ;
; Fitter                    ; gMac             ; Windows 7 ; 6.2        ; x86_64         ;
; Assembler                 ; gMac             ; Windows 7 ; 6.2        ; x86_64         ;
; TimeQuest Timing Analyzer ; gMac             ; Windows 7 ; 6.2        ; x86_64         ;
; EDA Netlist Writer        ; gMac             ; Windows 7 ; 6.2        ; x86_64         ;
>>>>>>> a9694e94cb7f2f6d6ba809314d8dc98d97e6f589
+---------------------------+------------------+-----------+------------+----------------+


------------
; Flow Log ;
------------
quartus_map --read_settings_files=on --write_settings_files=off lg_highlevel -c lg_highlevel
quartus_fit --read_settings_files=off --write_settings_files=off lg_highlevel -c lg_highlevel
quartus_asm --read_settings_files=off --write_settings_files=off lg_highlevel -c lg_highlevel
quartus_sta lg_highlevel -c lg_highlevel
quartus_eda --read_settings_files=off --write_settings_files=off lg_highlevel -c lg_highlevel



